C:\Program Files (x86)\Microsoft Visual Studio\2019\Community\MSBuild\Microsoft\VC\v160\Microsoft.CppBuild.targets(459,5): warning MSB8028: The intermediate directory (Debug\) contains files shared from another project (CGIP08.vcxproj, CGIP09.vcxproj, CGIP10.vcxproj, ProyFinalCGI.vcxproj).  This can lead to incorrect clean and rebuild behavior.
  EspinosaGarciaDiego_PROYECTO02_GPO04.cpp
C:\Users\fenix\Desktop\Proyecto Final CGI\Proyecto\VF4\PFCGI\CGIP08\Camera.h(88,9): warning C4101: 'pos': variable local sin referencia
C:\Users\fenix\Desktop\Proyecto Final CGI\Proyecto\VF4\PFCGI\CGIP08\EspinosaGarciaDiego_PROYECTO02_GPO04.cpp(651,24): warning C4244: 'inicializando': conversión de 'double' a 'GLfloat'; posible pérdida de datos
C:\Users\fenix\Desktop\Proyecto Final CGI\Proyecto\VF4\PFCGI\CGIP08\EspinosaGarciaDiego_PROYECTO02_GPO04.cpp(1490,15): warning C4305: '+=': truncamiento de 'double' a 'float'
C:\Users\fenix\Desktop\Proyecto Final CGI\Proyecto\VF4\PFCGI\CGIP08\EspinosaGarciaDiego_PROYECTO02_GPO04.cpp(1497,15): warning C4305: '-=': truncamiento de 'double' a 'float'
C:\Users\fenix\Desktop\Proyecto Final CGI\Proyecto\VF4\PFCGI\CGIP08\EspinosaGarciaDiego_PROYECTO02_GPO04.cpp(1503,15): warning C4305: '+=': truncamiento de 'double' a 'float'
C:\Users\fenix\Desktop\Proyecto Final CGI\Proyecto\VF4\PFCGI\CGIP08\EspinosaGarciaDiego_PROYECTO02_GPO04.cpp(1509,15): warning C4305: '-=': truncamiento de 'double' a 'float'
C:\Users\fenix\Desktop\Proyecto Final CGI\Proyecto\VF4\PFCGI\CGIP08\EspinosaGarciaDiego_PROYECTO02_GPO04.cpp(1849,11): warning C4244: '=': conversión de 'double' a 'GLfloat'; posible pérdida de datos
C:\Users\fenix\Desktop\Proyecto Final CGI\Proyecto\VF4\PFCGI\CGIP08\EspinosaGarciaDiego_PROYECTO02_GPO04.cpp(1850,11): warning C4244: '=': conversión de 'double' a 'GLfloat'; posible pérdida de datos
C:\Users\fenix\Desktop\Proyecto Final CGI\Proyecto\VF4\PFCGI\CGIP08\EspinosaGarciaDiego_PROYECTO02_GPO04.cpp(1854,18): warning C4244: 'inicializando': conversión de 'double' a 'GLfloat'; posible pérdida de datos
C:\Users\fenix\Desktop\Proyecto Final CGI\Proyecto\VF4\PFCGI\CGIP08\EspinosaGarciaDiego_PROYECTO02_GPO04.cpp(1855,18): warning C4244: 'inicializando': conversión de 'double' a 'GLfloat'; posible pérdida de datos
C:\Users\fenix\Desktop\Proyecto Final CGI\Proyecto\VF4\PFCGI\CGIP08\EspinosaGarciaDiego_PROYECTO02_GPO04.cpp(1857,10): warning C4244: '=': conversión de 'double' a 'GLfloat'; posible pérdida de datos
C:\Users\fenix\Desktop\Proyecto Final CGI\Proyecto\VF4\PFCGI\CGIP08\EspinosaGarciaDiego_PROYECTO02_GPO04.cpp(1858,10): warning C4244: '=': conversión de 'double' a 'GLfloat'; posible pérdida de datos
LINK : warning LNK4098: la biblioteca predeterminada'MSVCRT' entra en conflicto con otras bibliotecas; use la biblioteca /NODEFAULTLIB:biblioteca
soil2-debug.lib(etc1_utils.obj) : warning LNK4099: no se encontró PDB 'soil2-debug.pdb' con 'soil2-debug.lib(etc1_utils.obj)' o en 'C:\Users\fenix\Desktop\Proyecto Final CGI\Proyecto\VF4\PFCGI\Debug\soil2-debug.pdb'; se vinculará el objeto sin tener en cuenta información de depuración
soil2-debug.lib(image_DXT.obj) : warning LNK4099: no se encontró PDB 'soil2-debug.pdb' con 'soil2-debug.lib(image_DXT.obj)' o en 'C:\Users\fenix\Desktop\Proyecto Final CGI\Proyecto\VF4\PFCGI\Debug\soil2-debug.pdb'; se vinculará el objeto sin tener en cuenta información de depuración
soil2-debug.lib(image_helper.obj) : warning LNK4099: no se encontró PDB 'soil2-debug.pdb' con 'soil2-debug.lib(image_helper.obj)' o en 'C:\Users\fenix\Desktop\Proyecto Final CGI\Proyecto\VF4\PFCGI\Debug\soil2-debug.pdb'; se vinculará el objeto sin tener en cuenta información de depuración
soil2-debug.lib(SOIL2.obj) : warning LNK4099: no se encontró PDB 'soil2-debug.pdb' con 'soil2-debug.lib(SOIL2.obj)' o en 'C:\Users\fenix\Desktop\Proyecto Final CGI\Proyecto\VF4\PFCGI\Debug\soil2-debug.pdb'; se vinculará el objeto sin tener en cuenta información de depuración
  CGIP08.vcxproj -> C:\Users\fenix\Desktop\Proyecto Final CGI\Proyecto\VF4\PFCGI\Debug\EspinosaGarciaDiego_PROYECTO02_GPO04.exe
