  EspinosaGarciaDiego_PROYECTO02_GPO04.cpp
C:\Users\fenix\Desktop\Proyecto Final CGI\Proyecto\VF4\PFCGI\CGIP08\Camera.h(88,9): warning C4101: 'pos': variable local sin referencia
C:\Users\fenix\Desktop\Proyecto Final CGI\Proyecto\VF4\PFCGI\CGIP08\EspinosaGarciaDiego_PROYECTO02_GPO04.cpp(651,24): warning C4244: 'inicializando': conversión de 'double' a 'GLfloat'; posible pérdida de datos
C:\Users\fenix\Desktop\Proyecto Final CGI\Proyecto\VF4\PFCGI\CGIP08\EspinosaGarciaDiego_PROYECTO02_GPO04.cpp(1490,15): warning C4305: '+=': truncamiento de 'double' a 'float'
C:\Users\fenix\Desktop\Proyecto Final CGI\Proyecto\VF4\PFCGI\CGIP08\EspinosaGarciaDiego_PROYECTO02_GPO04.cpp(1497,15): warning C4305: '-=': truncamiento de 'double' a 'float'
C:\Users\fenix\Desktop\Proyecto Final CGI\Proyecto\VF4\PFCGI\CGIP08\EspinosaGarciaDiego_PROYECTO02_GPO04.cpp(1503,15): warning C4305: '+=': truncamiento de 'double' a 'float'
C:\Users\fenix\Desktop\Proyecto Final CGI\Proyecto\VF4\PFCGI\CGIP08\EspinosaGarciaDiego_PROYECTO02_GPO04.cpp(1509,15): warning C4305: '-=': truncamiento de 'double' a 'float'
C:\Users\fenix\Desktop\Proyecto Final CGI\Proyecto\VF4\PFCGI\CGIP08\EspinosaGarciaDiego_PROYECTO02_GPO04.cpp(1849,11): warning C4244: '=': conversión de 'double' a 'GLfloat'; posible pérdida de datos
C:\Users\fenix\Desktop\Proyecto Final CGI\Proyecto\VF4\PFCGI\CGIP08\EspinosaGarciaDiego_PROYECTO02_GPO04.cpp(1850,11): warning C4244: '=': conversión de 'double' a 'GLfloat'; posible pérdida de datos
C:\Users\fenix\Desktop\Proyecto Final CGI\Proyecto\VF4\PFCGI\CGIP08\EspinosaGarciaDiego_PROYECTO02_GPO04.cpp(1854,18): warning C4244: 'inicializando': conversión de 'double' a 'GLfloat'; posible pérdida de datos
C:\Users\fenix\Desktop\Proyecto Final CGI\Proyecto\VF4\PFCGI\CGIP08\EspinosaGarciaDiego_PROYECTO02_GPO04.cpp(1855,18): warning C4244: 'inicializando': conversión de 'double' a 'GLfloat'; posible pérdida de datos
C:\Users\fenix\Desktop\Proyecto Final CGI\Proyecto\VF4\PFCGI\CGIP08\EspinosaGarciaDiego_PROYECTO02_GPO04.cpp(1857,10): warning C4244: '=': conversión de 'double' a 'GLfloat'; posible pérdida de datos
C:\Users\fenix\Desktop\Proyecto Final CGI\Proyecto\VF4\PFCGI\CGIP08\EspinosaGarciaDiego_PROYECTO02_GPO04.cpp(1858,10): warning C4244: '=': conversión de 'double' a 'GLfloat'; posible pérdida de datos
soil2-debug.lib(SOIL2.obj) : warning LNK4075: se omite '/EDITANDCONTINUE' debido a la especificación '/OPT:ICF'
LINK : warning LNK4098: la biblioteca predeterminada'MSVCRTD' entra en conflicto con otras bibliotecas; use la biblioteca /NODEFAULTLIB:biblioteca
  Generando código
  Previous IPDB not found, fall back to full compilation.
  All 644 functions were compiled because no usable IPDB/IOBJ from previous compilation was found.
  Generación de código finalizada
soil2-debug.lib(etc1_utils.obj) : warning LNK4099: no se encontró PDB 'soil2-debug.pdb' con 'soil2-debug.lib(etc1_utils.obj)' o en 'C:\Users\fenix\Desktop\Proyecto Final CGI\Proyecto\VF4\PFCGI\Release\soil2-debug.pdb'; se vinculará el objeto sin tener en cuenta información de depuración
soil2-debug.lib(image_DXT.obj) : warning LNK4099: no se encontró PDB 'soil2-debug.pdb' con 'soil2-debug.lib(image_DXT.obj)' o en 'C:\Users\fenix\Desktop\Proyecto Final CGI\Proyecto\VF4\PFCGI\Release\soil2-debug.pdb'; se vinculará el objeto sin tener en cuenta información de depuración
soil2-debug.lib(image_helper.obj) : warning LNK4099: no se encontró PDB 'soil2-debug.pdb' con 'soil2-debug.lib(image_helper.obj)' o en 'C:\Users\fenix\Desktop\Proyecto Final CGI\Proyecto\VF4\PFCGI\Release\soil2-debug.pdb'; se vinculará el objeto sin tener en cuenta información de depuración
soil2-debug.lib(SOIL2.obj) : warning LNK4099: no se encontró PDB 'soil2-debug.pdb' con 'soil2-debug.lib(SOIL2.obj)' o en 'C:\Users\fenix\Desktop\Proyecto Final CGI\Proyecto\VF4\PFCGI\Release\soil2-debug.pdb'; se vinculará el objeto sin tener en cuenta información de depuración
  CGIP08.vcxproj -> C:\Users\fenix\Desktop\Proyecto Final CGI\Proyecto\VF4\PFCGI\Release\EspinosaGarciaDiego_PROYECTO02_GPO04.exe
